<?xml version="1.0" encoding="UTF-8"?>
<testng-results skipped="0" failed="0" ignored="0" total="1" passed="1">
  <reporter-output>
  </reporter-output>
  <suite name="Default suite" duration-ms="24750" started-at="2021-01-24T19:48:55 CET" finished-at="2021-01-24T19:49:20 CET">
    <groups>
    </groups>
    <test name="Default test" duration-ms="24750" started-at="2021-01-24T19:48:55 CET" finished-at="2021-01-24T19:49:20 CET">
      <class name="tests.RechercheEmploiTest">
        <test-method status="PASS" signature="startDriver()[pri:0, instance:tests.RechercheEmploiTest@2928854b]" name="startDriver" is-config="true" duration-ms="13299" started-at="2021-01-24T19:48:55 CET" finished-at="2021-01-24T19:49:08 CET">
          <reporter-output>
          </reporter-output>
        </test-method> <!-- startDriver -->
        <test-method status="PASS" signature="UtilisateurChercherOffre()[pri:0, instance:tests.RechercheEmploiTest@2928854b]" name="UtilisateurChercherOffre" duration-ms="10401" started-at="2021-01-24T19:49:08 CET" finished-at="2021-01-24T19:49:19 CET">
          <reporter-output>
          </reporter-output>
        </test-method> <!-- UtilisateurChercherOffre -->
        <test-method status="PASS" signature="stopDriver()[pri:0, instance:tests.RechercheEmploiTest@2928854b]" name="stopDriver" is-config="true" duration-ms="999" started-at="2021-01-24T19:49:19 CET" finished-at="2021-01-24T19:49:20 CET">
          <reporter-output>
          </reporter-output>
        </test-method> <!-- stopDriver -->
      </class> <!-- tests.RechercheEmploiTest -->
    </test> <!-- Default test -->
  </suite> <!-- Default suite -->
</testng-results>
